### Sun Jun  4 15:26:09 JST 2023: Start: [low-key]
# Key:low-key
## Response
### English Sentences
E-1: Let's keep this <u>low-key</u> and just have a small gathering at home.
E-2: He's a <u>low-key</u> kind of guy who doesn't like attention.

### Japanese Translation
J-1: ここはシンプルに家での小さな集まりにして、<u>地味に</u>しましょう。
J-2: 彼は注目を浴びることを好まない、<u>控えめな</u>人物です。
### Sun Jun  4 15:26:23 JST 2023: Start: [drive sb up the wall]
# Key:drive sb up the wall
## Response
### English Sentences
E-1: My coworker's constant humming is starting to <u>drive me up the wall</u>.
E-2: Waiting in long lines always <u>drives me up the wall</u>.

### Japanese Translation
J-1: 同僚のひっきりなしのブンブン唱える声がもう<u>イライラさせてきた</u>。
J-2: 長い列で待つのはいつも<u>イライラさせられる</u>。
### Sun Jun  4 15:26:35 JST 2023: Start: [black and white]
# Key:black and white
## Response
### English Sentences
E-1: It's not always <u>black and white</u>; there are gray areas in life.
E-2: I had to choose between two job offers, but it wasn't <u>black and white</u>.

### Japanese Translation
J-1: 人生にはグレーな部分もあるので、必ずしも<u>白黒つけられない</u>ことがあります。
J-2: 私は2つの仕事のオファーの間で選ばなければならなかったが、それが<u>単純明快なものではなかった</u>。
### Sun Jun  4 15:26:50 JST 2023: Start: [101]
# Key:101
## Response
### English Sentences
E-1: The teacher gave us a <u>101</u> on how to write a good essay.
E-2: Before you start cooking, make sure you have the <u>101</u> tools in your kitchen.

### Japanese Translation
J-1: 先生は良いエッセイを書く<u>基礎</u>について教えてくれました。
J-2: 料理を始める前に、キッチンに<u>基本的な</u>道具があることを確認してください。
