### Mon Jun  5 13:11:06 JST 2023: Start: [go all-out]
# Key:go all-out
## Response
### English Sentences
E-1: She's ready to <u>go all-out</u> for the audition.
E-2: The team decided to <u>go all-out</u> to win the championship.

### Japanese Translation
J-1: 彼女はオーディションで<u>全力を尽くす</u>準備ができています。
J-2: チームは優勝するために<u>全力を尽くす</u>決意をしました。
### Mon Jun  5 13:11:16 JST 2023: Start: [move heaven and earth]
# Key:move heaven and earth
## Response
### English Sentences
E-1: She will <u>move heaven and earth</u> to get that job.  
E-2: They are ready to <u>move heaven and earth</u> to save their business.

### Japanese Translation
J-1: その仕事を手に入れるために、彼女は何でもします。
J-2: 彼らは自分たちのビジネスを救うために手段を選ばないつもりです。
### Mon Jun  5 13:11:25 JST 2023: Start: [pump iron]
# Key:pump iron
## Response
### English Sentences
E-1: He likes to <u>pump iron</u> at the gym every morning.
E-2: The bodybuilders were <u>pumping iron</u> before the big competition.

### Japanese Translation
J-1: 彼は毎朝ジムで<u>筋トレをする</u>のが好きです。
J-2: 大会前にボディビルダーたちは<u>重量を上げてトレーニングをしていました</u>。
### Mon Jun  5 13:11:35 JST 2023: Start: [rough around the edges]
# Key:rough around the edges
## Response
### English Sentences
E-1: He's not perfect, but he's a good guy, just <u>rough around the edges</u>.
E-2: The house needs some work, it's a bit <u>rough around the edges</u>.

### Japanese Translation
J-1: 彼は完璧ではないが、いい人で、ちょっとだけ<u>荒っぽい</u>ところがある。
J-2: 家には少し<u>手を加える必要があります</u>。
### Mon Jun  5 13:11:45 JST 2023: Start: [rough sb up]
# Key:rough sb up
## Response
### English Sentences
E-1: The bully threatened to <u>rough me up</u> if I didn't give him money.
E-2: The police had to <u>rough the suspect up</u> to get him to comply.

### Japanese Translation
J-1: お金をくれなければ、いじめっこに<u>暴力を振るわれる</u>と脅されました。
J-2: 逮捕された容疑者が従わなかったため、警察は<u>肉体的に手荒くあしらう</u>必要がありました。
### Mon Jun  5 13:11:57 JST 2023: Start: [talk shop]
# Key:talk shop
## Response
### English Sentences
E-1: Let's not <u>talk shop</u> and enjoy the party.
E-2: He loves to <u>talk shop</u> even during lunch breaks.

### Japanese Translation
J-1: パーティーを楽しみましょう、仕事の話をしないで。
J-2: 彼はお昼休み中でも仕事の話を<u>したがります</u>。
